{"D:\\SLEAR\\Workspace\\my-projects\\capstone\\server\\src\\constant\\user_type.constant.ts": {"path":"D:\\SLEAR\\Workspace\\my-projects\\capstone\\server\\src\\constant\\user_type.constant.ts","statementMap":{"0":{"start":{"line":2,"column":0},"end":{"line":2,"column":null}},"1":{"start":{"line":3,"column":2},"end":{"line":3,"column":null}},"2":{"start":{"line":4,"column":2},"end":{"line":4,"column":null}},"3":{"start":{"line":7,"column":0},"end":{"line":7,"column":25}}},"fnMap":{"0":{"name":"(anonymous_0)","decl":{"start":{"line":2,"column":0},"end":{"line":2,"column":5}},"loc":{"start":{"line":2,"column":14},"end":{"line":5,"column":1}}}},"branchMap":{"0":{"loc":{"start":{"line":2,"column":5},"end":{"line":2,"column":null}},"type":"binary-expr","locations":[{"start":{"line":2,"column":5},"end":{"line":2,"column":14}},{"start":{"line":2,"column":5},"end":{"line":2,"column":null}}]}},"s":{"0":10,"1":10,"2":10,"3":10},"f":{"0":10},"b":{"0":[10,10]}}
,"D:\\SLEAR\\Workspace\\my-projects\\capstone\\server\\src\\helper\\get_queue_limit.helper.ts": {"path":"D:\\SLEAR\\Workspace\\my-projects\\capstone\\server\\src\\helper\\get_queue_limit.helper.ts","statementMap":{"0":{"start":{"line":3,"column":0},"end":{"line":3,"column":7}},"1":{"start":{"line":1,"column":0},"end":{"line":1,"column":60}},"2":{"start":{"line":4,"column":21},"end":{"line":4,"column":54}},"3":{"start":{"line":5,"column":2},"end":{"line":5,"column":51}}},"fnMap":{"0":{"name":"getQueueLimitHelper","decl":{"start":{"line":3,"column":22},"end":{"line":3,"column":41}},"loc":{"start":{"line":3,"column":41},"end":{"line":6,"column":1}}}},"branchMap":{"0":{"loc":{"start":{"line":5,"column":9},"end":{"line":5,"column":50}},"type":"binary-expr","locations":[{"start":{"line":5,"column":9},"end":{"line":5,"column":19}},{"start":{"line":5,"column":23},"end":{"line":5,"column":50}}]}},"s":{"0":1,"1":1,"2":0,"3":0},"f":{"0":0},"b":{"0":[0,0]}}
,"D:\\SLEAR\\Workspace\\my-projects\\capstone\\server\\src\\models\\medical_queue.model.ts": {"path":"D:\\SLEAR\\Workspace\\my-projects\\capstone\\server\\src\\models\\medical_queue.model.ts","statementMap":{"0":{"start":{"line":1,"column":0},"end":{"line":1,"column":46}},"1":{"start":{"line":10,"column":27},"end":{"line":40,"column":null}},"2":{"start":{"line":15,"column":8},"end":{"line":15,"column":92}},"3":{"start":{"line":43,"column":21},"end":{"line":43,"column":71}},"4":{"start":{"line":45,"column":0},"end":{"line":45,"column":28}}},"fnMap":{"0":{"name":"(anonymous_1)","decl":{"start":{"line":14,"column":15},"end":{"line":14,"column":18}},"loc":{"start":{"line":15,"column":8},"end":{"line":15,"column":92}}}},"branchMap":{},"s":{"0":7,"1":7,"2":0,"3":7,"4":7},"f":{"0":0},"b":{}}
,"D:\\SLEAR\\Workspace\\my-projects\\capstone\\server\\src\\models\\medicine_reminder.model.ts": {"path":"D:\\SLEAR\\Workspace\\my-projects\\capstone\\server\\src\\models\\medicine_reminder.model.ts","statementMap":{"0":{"start":{"line":1,"column":0},"end":{"line":1,"column":46}},"1":{"start":{"line":12,"column":31},"end":{"line":42,"column":null}},"2":{"start":{"line":33,"column":8},"end":{"line":33,"column":55}},"3":{"start":{"line":45,"column":25},"end":{"line":47,"column":null}},"4":{"start":{"line":50,"column":0},"end":{"line":50,"column":32}}},"fnMap":{"0":{"name":"(anonymous_1)","decl":{"start":{"line":32,"column":16},"end":{"line":32,"column":null}},"loc":{"start":{"line":32,"column":16},"end":{"line":34,"column":7}}}},"branchMap":{},"s":{"0":5,"1":5,"2":0,"3":5,"4":5},"f":{"0":0},"b":{}}
,"D:\\SLEAR\\Workspace\\my-projects\\capstone\\server\\src\\models\\push_subscription.model.ts": {"path":"D:\\SLEAR\\Workspace\\my-projects\\capstone\\server\\src\\models\\push_subscription.model.ts","statementMap":{"0":{"start":{"line":1,"column":0},"end":{"line":1,"column":46}},"1":{"start":{"line":11,"column":31},"end":{"line":24,"column":null}},"2":{"start":{"line":27,"column":25},"end":{"line":29,"column":null}},"3":{"start":{"line":32,"column":0},"end":{"line":32,"column":32}}},"fnMap":{},"branchMap":{},"s":{"0":1,"1":1,"2":1,"3":1},"f":{},"b":{}}
,"D:\\SLEAR\\Workspace\\my-projects\\capstone\\server\\src\\models\\queue_limit.model.ts": {"path":"D:\\SLEAR\\Workspace\\my-projects\\capstone\\server\\src\\models\\queue_limit.model.ts","statementMap":{"0":{"start":{"line":1,"column":0},"end":{"line":1,"column":46}},"1":{"start":{"line":10,"column":32},"end":{"line":25,"column":null}},"2":{"start":{"line":28,"column":26},"end":{"line":30,"column":null}},"3":{"start":{"line":33,"column":0},"end":{"line":33,"column":33}}},"fnMap":{},"branchMap":{},"s":{"0":4,"1":4,"2":4,"3":4},"f":{},"b":{}}
,"D:\\SLEAR\\Workspace\\my-projects\\capstone\\server\\src\\models\\user.model.ts": {"path":"D:\\SLEAR\\Workspace\\my-projects\\capstone\\server\\src\\models\\user.model.ts","statementMap":{"0":{"start":{"line":1,"column":0},"end":{"line":1,"column":51}},"1":{"start":{"line":3,"column":0},"end":{"line":3,"column":55}},"2":{"start":{"line":17,"column":19},"end":{"line":76,"column":null}},"3":{"start":{"line":22,"column":8},"end":{"line":22,"column":89}},"4":{"start":{"line":34,"column":10},"end":{"line":34,"column":57}},"5":{"start":{"line":56,"column":10},"end":{"line":56,"column":58}},"6":{"start":{"line":79,"column":13},"end":{"line":79,"column":53}},"7":{"start":{"line":81,"column":0},"end":{"line":86,"column":3}},"8":{"start":{"line":82,"column":2},"end":{"line":84,"column":3}},"9":{"start":{"line":83,"column":4},"end":{"line":83,"column":25}},"10":{"start":{"line":85,"column":2},"end":{"line":85,"column":9}},"11":{"start":{"line":88,"column":0},"end":{"line":88,"column":20}}},"fnMap":{"0":{"name":"(anonymous_1)","decl":{"start":{"line":21,"column":15},"end":{"line":21,"column":18}},"loc":{"start":{"line":22,"column":8},"end":{"line":22,"column":89}}},"1":{"name":"(anonymous_2)","decl":{"start":{"line":33,"column":19},"end":{"line":33,"column":50}},"loc":{"start":{"line":33,"column":63},"end":{"line":35,"column":9}}},"2":{"name":"(anonymous_3)","decl":{"start":{"line":55,"column":19},"end":{"line":55,"column":50}},"loc":{"start":{"line":55,"column":63},"end":{"line":57,"column":9}}},"3":{"name":"(anonymous_4)","decl":{"start":{"line":81,"column":38},"end":{"line":81,"column":48}},"loc":{"start":{"line":81,"column":52},"end":{"line":86,"column":1}}}},"branchMap":{"0":{"loc":{"start":{"line":34,"column":17},"end":{"line":34,"column":56}},"type":"binary-expr","locations":[{"start":{"line":34,"column":17},"end":{"line":34,"column":45}},{"start":{"line":34,"column":49},"end":{"line":34,"column":56}}]},"1":{"loc":{"start":{"line":56,"column":17},"end":{"line":56,"column":57}},"type":"binary-expr","locations":[{"start":{"line":56,"column":17},"end":{"line":56,"column":46}},{"start":{"line":56,"column":50},"end":{"line":56,"column":57}}]},"2":{"loc":{"start":{"line":82,"column":2},"end":{"line":84,"column":3}},"type":"if","locations":[{"start":{"line":82,"column":2},"end":{"line":84,"column":3}}]}},"s":{"0":7,"1":7,"2":7,"3":0,"4":0,"5":0,"6":7,"7":7,"8":0,"9":0,"10":0,"11":7},"f":{"0":0,"1":0,"2":0,"3":0},"b":{"0":[0,0],"1":[0,0],"2":[0]}}
,"D:\\SLEAR\\Workspace\\my-projects\\capstone\\server\\src\\services\\cron.service.ts": {"path":"D:\\SLEAR\\Workspace\\my-projects\\capstone\\server\\src\\services\\cron.service.ts","statementMap":{"0":{"start":{"line":1,"column":0},"end":{"line":1,"column":29}},"1":{"start":{"line":4,"column":0},"end":{"line":4,"column":65}},"2":{"start":{"line":5,"column":0},"end":{"line":5,"column":70}},"3":{"start":{"line":6,"column":0},"end":{"line":6,"column":34}},"4":{"start":{"line":7,"column":0},"end":{"line":7,"column":57}},"5":{"start":{"line":9,"column":35},"end":{"line":26,"column":1}},"6":{"start":{"line":13,"column":2},"end":{"line":25,"column":3}},"7":{"start":{"line":14,"column":4},"end":{"line":14,"column":56}},"8":{"start":{"line":15,"column":19},"end":{"line":18,"column":null}},"9":{"start":{"line":20,"column":4},"end":{"line":20,"column":62}},"10":{"start":{"line":21,"column":4},"end":{"line":21,"column":18}},"11":{"start":{"line":23,"column":4},"end":{"line":23,"column":51}},"12":{"start":{"line":24,"column":4},"end":{"line":24,"column":16}},"13":{"start":{"line":9,"column":13},"end":{"line":9,"column":35}},"14":{"start":{"line":28,"column":38},"end":{"line":38,"column":1}},"15":{"start":{"line":29,"column":2},"end":{"line":37,"column":3}},"16":{"start":{"line":30,"column":4},"end":{"line":30,"column":58}},"17":{"start":{"line":31,"column":19},"end":{"line":31,"column":75}},"18":{"start":{"line":32,"column":4},"end":{"line":32,"column":64}},"19":{"start":{"line":33,"column":4},"end":{"line":33,"column":18}},"20":{"start":{"line":35,"column":4},"end":{"line":35,"column":53}},"21":{"start":{"line":36,"column":4},"end":{"line":36,"column":16}},"22":{"start":{"line":28,"column":13},"end":{"line":28,"column":38}},"23":{"start":{"line":40,"column":31},"end":{"line":109,"column":1}},"24":{"start":{"line":41,"column":2},"end":{"line":108,"column":3}},"25":{"start":{"line":42,"column":4},"end":{"line":42,"column":47}},"26":{"start":{"line":43,"column":16},"end":{"line":43,"column":26}},"27":{"start":{"line":44,"column":24},"end":{"line":48,"column":6}},"28":{"start":{"line":49,"column":4},"end":{"line":49,"column":45}},"29":{"start":{"line":52,"column":22},"end":{"line":69,"column":6}},"30":{"start":{"line":71,"column":4},"end":{"line":71,"column":69}},"31":{"start":{"line":72,"column":4},"end":{"line":72,"column":56}},"32":{"start":{"line":75,"column":29},"end":{"line":75,"column":65}},"33":{"start":{"line":76,"column":4},"end":{"line":78,"column":6}},"34":{"start":{"line":81,"column":4},"end":{"line":105,"column":5}},"35":{"start":{"line":82,"column":6},"end":{"line":82,"column":78}},"36":{"start":{"line":83,"column":30},"end":{"line":85,"column":8}},"37":{"start":{"line":87,"column":6},"end":{"line":104,"column":7}},"38":{"start":{"line":88,"column":8},"end":{"line":88,"column":68}},"39":{"start":{"line":89,"column":8},"end":{"line":89,"column":77}},"40":{"start":{"line":90,"column":21},"end":{"line":92,"column":null}},"41":{"start":{"line":94,"column":8},"end":{"line":98,"column":9}},"42":{"start":{"line":95,"column":10},"end":{"line":95,"column":75}},"43":{"start":{"line":97,"column":10},"end":{"line":97,"column":73}},"44":{"start":{"line":100,"column":8},"end":{"line":100,"column":71}},"45":{"start":{"line":101,"column":8},"end":{"line":103,"column":10}},"46":{"start":{"line":102,"column":78},"end":{"line":102,"column":86}},"47":{"start":{"line":107,"column":4},"end":{"line":107,"column":59}},"48":{"start":{"line":117,"column":9},"end":{"line":117,"column":31}},"49":{"start":{"line":112,"column":28},"end":{"line":115,"column":1}},"50":{"start":{"line":113,"column":2},"end":{"line":113,"column":53}},"51":{"start":{"line":114,"column":2},"end":{"line":114,"column":49}},"52":{"start":{"line":112,"column":13},"end":{"line":112,"column":28}}},"fnMap":{"0":{"name":"(anonymous_1)","decl":{"start":{"line":9,"column":35},"end":{"line":9,"column":40}},"loc":{"start":{"line":12,"column":4},"end":{"line":26,"column":1}}},"1":{"name":"(anonymous_2)","decl":{"start":{"line":28,"column":38},"end":{"line":28,"column":43}},"loc":{"start":{"line":28,"column":63},"end":{"line":38,"column":1}}},"2":{"name":"(anonymous_3)","decl":{"start":{"line":40,"column":31},"end":{"line":40,"column":36}},"loc":{"start":{"line":40,"column":42},"end":{"line":109,"column":1}}},"3":{"name":"(anonymous_4)","decl":{"start":{"line":102,"column":71},"end":{"line":102,"column":72}},"loc":{"start":{"line":102,"column":78},"end":{"line":102,"column":86}}},"4":{"name":"(anonymous_5)","decl":{"start":{"line":112,"column":28},"end":{"line":112,"column":31}},"loc":{"start":{"line":112,"column":33},"end":{"line":115,"column":1}}}},"branchMap":{"0":{"loc":{"start":{"line":87,"column":6},"end":{"line":104,"column":7}},"type":"if","locations":[{"start":{"line":87,"column":6},"end":{"line":104,"column":7}},{"start":{"line":99,"column":13},"end":{"line":104,"column":7}}]},"1":{"loc":{"start":{"line":94,"column":8},"end":{"line":98,"column":9}},"type":"if","locations":[{"start":{"line":94,"column":8},"end":{"line":98,"column":9}},{"start":{"line":96,"column":15},"end":{"line":98,"column":9}}]}},"s":{"0":1,"1":1,"2":1,"3":1,"4":1,"5":1,"6":2,"7":2,"8":2,"9":1,"10":1,"11":1,"12":1,"13":1,"14":1,"15":2,"16":2,"17":2,"18":1,"19":1,"20":1,"21":1,"22":1,"23":1,"24":0,"25":0,"26":0,"27":0,"28":0,"29":0,"30":0,"31":0,"32":0,"33":0,"34":0,"35":0,"36":0,"37":0,"38":0,"39":0,"40":0,"41":0,"42":0,"43":0,"44":0,"45":0,"46":0,"47":0,"48":1,"49":1,"50":1,"51":1,"52":1},"f":{"0":2,"1":2,"2":0,"3":0,"4":1},"b":{"0":[0,0],"1":[0,0]}}
,"D:\\SLEAR\\Workspace\\my-projects\\capstone\\server\\src\\services\\webPush.service.ts": {"path":"D:\\SLEAR\\Workspace\\my-projects\\capstone\\server\\src\\services\\webPush.service.ts","statementMap":{"0":{"start":{"line":1,"column":0},"end":{"line":1,"column":53}},"1":{"start":{"line":6,"column":18},"end":{"line":9,"column":2}},"2":{"start":{"line":11,"column":0},"end":{"line":15,"column":2}},"3":{"start":{"line":17,"column":36},"end":{"line":38,"column":1}},"4":{"start":{"line":21,"column":2},"end":{"line":37,"column":3}},"5":{"start":{"line":22,"column":20},"end":{"line":30,"column":6}},"6":{"start":{"line":32,"column":4},"end":{"line":32,"column":58}},"7":{"start":{"line":33,"column":4},"end":{"line":33,"column":16}},"8":{"start":{"line":35,"column":4},"end":{"line":35,"column":61}},"9":{"start":{"line":36,"column":4},"end":{"line":36,"column":17}},"10":{"start":{"line":17,"column":13},"end":{"line":17,"column":36}}},"fnMap":{"0":{"name":"(anonymous_1)","decl":{"start":{"line":17,"column":36},"end":{"line":17,"column":41}},"loc":{"start":{"line":20,"column":4},"end":{"line":38,"column":1}}}},"branchMap":{"0":{"loc":{"start":{"line":7,"column":13},"end":{"line":7,"column":47}},"type":"binary-expr","locations":[{"start":{"line":7,"column":13},"end":{"line":7,"column":41}},{"start":{"line":7,"column":45},"end":{"line":7,"column":47}}]},"1":{"loc":{"start":{"line":8,"column":14},"end":{"line":8,"column":49}},"type":"binary-expr","locations":[{"start":{"line":8,"column":14},"end":{"line":8,"column":43}},{"start":{"line":8,"column":47},"end":{"line":8,"column":49}}]}},"s":{"0":1,"1":1,"2":1,"3":1,"4":3,"5":3,"6":3,"7":2,"8":1,"9":1,"10":1},"f":{"0":3},"b":{"0":[1,1],"1":[1,1]}}
,"D:\\SLEAR\\Workspace\\my-projects\\capstone\\server\\src\\services\\auth\\change_password.service.ts": {"path":"D:\\SLEAR\\Workspace\\my-projects\\capstone\\server\\src\\services\\auth\\change_password.service.ts","statementMap":{"0":{"start":{"line":1,"column":0},"end":{"line":1,"column":28}},"1":{"start":{"line":3,"column":0},"end":{"line":3,"column":43}},"2":{"start":{"line":4,"column":0},"end":{"line":4,"column":51}},"3":{"start":{"line":12,"column":37},"end":{"line":33,"column":1}},"4":{"start":{"line":17,"column":15},"end":{"line":17,"column":42}},"5":{"start":{"line":18,"column":2},"end":{"line":20,"column":3}},"6":{"start":{"line":19,"column":4},"end":{"line":19,"column":47}},"7":{"start":{"line":22,"column":26},"end":{"line":22,"column":79}},"8":{"start":{"line":23,"column":2},"end":{"line":25,"column":3}},"9":{"start":{"line":24,"column":4},"end":{"line":24,"column":62}},"10":{"start":{"line":27,"column":25},"end":{"line":27,"column":59}},"11":{"start":{"line":29,"column":2},"end":{"line":29,"column":33}},"12":{"start":{"line":30,"column":2},"end":{"line":30,"column":20}},"13":{"start":{"line":32,"column":2},"end":{"line":32,"column":54}},"14":{"start":{"line":12,"column":13},"end":{"line":12,"column":37}}},"fnMap":{"0":{"name":"(anonymous_1)","decl":{"start":{"line":12,"column":37},"end":{"line":12,"column":42}},"loc":{"start":{"line":16,"column":28},"end":{"line":33,"column":1}}}},"branchMap":{"0":{"loc":{"start":{"line":18,"column":2},"end":{"line":20,"column":3}},"type":"if","locations":[{"start":{"line":18,"column":2},"end":{"line":20,"column":3}}]},"1":{"loc":{"start":{"line":23,"column":2},"end":{"line":25,"column":3}},"type":"if","locations":[{"start":{"line":23,"column":2},"end":{"line":25,"column":3}}]}},"s":{"0":1,"1":1,"2":1,"3":1,"4":5,"5":5,"6":2,"7":3,"8":3,"9":2,"10":1,"11":1,"12":1,"13":1,"14":1},"f":{"0":5},"b":{"0":[2],"1":[2]}}
,"D:\\SLEAR\\Workspace\\my-projects\\capstone\\server\\src\\services\\auth\\login.service.ts": {"path":"D:\\SLEAR\\Workspace\\my-projects\\capstone\\server\\src\\services\\auth\\login.service.ts","statementMap":{"0":{"start":{"line":1,"column":0},"end":{"line":1,"column":28}},"1":{"start":{"line":3,"column":0},"end":{"line":3,"column":43}},"2":{"start":{"line":4,"column":0},"end":{"line":4,"column":51}},"3":{"start":{"line":6,"column":0},"end":{"line":6,"column":75}},"4":{"start":{"line":7,"column":0},"end":{"line":7,"column":58}},"5":{"start":{"line":9,"column":32},"end":{"line":35,"column":1}},"6":{"start":{"line":10,"column":15},"end":{"line":10,"column":44}},"7":{"start":{"line":11,"column":2},"end":{"line":13,"column":3}},"8":{"start":{"line":12,"column":4},"end":{"line":12,"column":55}},"9":{"start":{"line":15,"column":18},"end":{"line":15,"column":58}},"10":{"start":{"line":16,"column":2},"end":{"line":18,"column":3}},"11":{"start":{"line":17,"column":4},"end":{"line":17,"column":58}},"12":{"start":{"line":20,"column":30},"end":{"line":25,"column":4}},"13":{"start":{"line":27,"column":16},"end":{"line":27,"column":32}},"14":{"start":{"line":28,"column":23},"end":{"line":28,"column":48}},"15":{"start":{"line":30,"column":2},"end":{"line":34,"column":4}},"16":{"start":{"line":9,"column":13},"end":{"line":9,"column":32}}},"fnMap":{"0":{"name":"(anonymous_1)","decl":{"start":{"line":9,"column":32},"end":{"line":9,"column":37}},"loc":{"start":{"line":9,"column":74},"end":{"line":35,"column":1}}}},"branchMap":{"0":{"loc":{"start":{"line":11,"column":2},"end":{"line":13,"column":3}},"type":"if","locations":[{"start":{"line":11,"column":2},"end":{"line":13,"column":3}}]},"1":{"loc":{"start":{"line":16,"column":2},"end":{"line":18,"column":3}},"type":"if","locations":[{"start":{"line":16,"column":2},"end":{"line":18,"column":3}}]}},"s":{"0":1,"1":1,"2":1,"3":1,"4":1,"5":1,"6":6,"7":6,"8":2,"9":4,"10":4,"11":3,"12":1,"13":1,"14":1,"15":1,"16":1},"f":{"0":6},"b":{"0":[2],"1":[3]}}
,"D:\\SLEAR\\Workspace\\my-projects\\capstone\\server\\src\\services\\auth\\regiter.service.ts": {"path":"D:\\SLEAR\\Workspace\\my-projects\\capstone\\server\\src\\services\\auth\\regiter.service.ts","statementMap":{"0":{"start":{"line":1,"column":0},"end":{"line":1,"column":28}},"1":{"start":{"line":3,"column":0},"end":{"line":3,"column":58}},"2":{"start":{"line":4,"column":0},"end":{"line":4,"column":43}},"3":{"start":{"line":5,"column":0},"end":{"line":5,"column":51}},"4":{"start":{"line":7,"column":35},"end":{"line":32,"column":1}},"5":{"start":{"line":16,"column":23},"end":{"line":16,"column":52}},"6":{"start":{"line":17,"column":2},"end":{"line":19,"column":3}},"7":{"start":{"line":18,"column":4},"end":{"line":18,"column":53}},"8":{"start":{"line":21,"column":25},"end":{"line":21,"column":56}},"9":{"start":{"line":22,"column":18},"end":{"line":27,"column":4}},"10":{"start":{"line":29,"column":2},"end":{"line":29,"column":23}},"11":{"start":{"line":31,"column":2},"end":{"line":31,"column":53}},"12":{"start":{"line":7,"column":13},"end":{"line":7,"column":35}}},"fnMap":{"0":{"name":"(anonymous_1)","decl":{"start":{"line":7,"column":35},"end":{"line":7,"column":40}},"loc":{"start":{"line":15,"column":5},"end":{"line":32,"column":1}}}},"branchMap":{"0":{"loc":{"start":{"line":17,"column":2},"end":{"line":19,"column":3}},"type":"if","locations":[{"start":{"line":17,"column":2},"end":{"line":19,"column":3}}]}},"s":{"0":1,"1":1,"2":1,"3":1,"4":1,"5":3,"6":3,"7":2,"8":1,"9":1,"10":1,"11":1,"12":1},"f":{"0":3},"b":{"0":[2]}}
,"D:\\SLEAR\\Workspace\\my-projects\\capstone\\server\\src\\services\\dashboard\\get_data_analytics.service.ts": {"path":"D:\\SLEAR\\Workspace\\my-projects\\capstone\\server\\src\\services\\dashboard\\get_data_analytics.service.ts","statementMap":{"0":{"start":{"line":1,"column":0},"end":{"line":1,"column":60}},"1":{"start":{"line":2,"column":0},"end":{"line":2,"column":63}},"2":{"start":{"line":3,"column":0},"end":{"line":3,"column":43}},"3":{"start":{"line":5,"column":39},"end":{"line":92,"column":1}},"4":{"start":{"line":6,"column":21},"end":{"line":6,"column":48}},"5":{"start":{"line":8,"column":25},"end":{"line":25,"column":3}},"6":{"start":{"line":9,"column":17},"end":{"line":9,"column":19}},"7":{"start":{"line":10,"column":16},"end":{"line":10,"column":26}},"8":{"start":{"line":11,"column":4},"end":{"line":11,"column":29}},"9":{"start":{"line":13,"column":4},"end":{"line":23,"column":5}},"10":{"start":{"line":13,"column":17},"end":{"line":13,"column":18}},"11":{"start":{"line":14,"column":19},"end":{"line":14,"column":29}},"12":{"start":{"line":15,"column":6},"end":{"line":15,"column":39}},"13":{"start":{"line":16,"column":6},"end":{"line":16,"column":32}},"14":{"start":{"line":18,"column":6},"end":{"line":22,"column":9}},"15":{"start":{"line":24,"column":4},"end":{"line":24,"column":16}},"16":{"start":{"line":27,"column":22},"end":{"line":27,"column":38}},"17":{"start":{"line":28,"column":20},"end":{"line":28,"column":30}},"18":{"start":{"line":29,"column":2},"end":{"line":29,"column":33}},"19":{"start":{"line":31,"column":25},"end":{"line":43,"column":4}},"20":{"start":{"line":45,"column":28},"end":{"line":57,"column":4}},"21":{"start":{"line":59,"column":28},"end":{"line":62,"column":4}},"22":{"start":{"line":64,"column":25},"end":{"line":66,"column":null}},"23":{"start":{"line":68,"column":21},"end":{"line":71,"column":4}},"24":{"start":{"line":73,"column":27},"end":{"line":78,"column":3}},"25":{"start":{"line":74,"column":4},"end":{"line":77,"column":8}},"26":{"start":{"line":74,"column":37},"end":{"line":77,"column":6}},"27":{"start":{"line":76,"column":35},"end":{"line":76,"column":53}},"28":{"start":{"line":80,"column":29},"end":{"line":80,"column":61}},"29":{"start":{"line":81,"column":30},"end":{"line":81,"column":65}},"30":{"start":{"line":83,"column":2},"end":{"line":91,"column":4}},"31":{"start":{"line":5,"column":13},"end":{"line":5,"column":39}}},"fnMap":{"0":{"name":"(anonymous_1)","decl":{"start":{"line":5,"column":39},"end":{"line":5,"column":44}},"loc":{"start":{"line":5,"column":50},"end":{"line":92,"column":1}}},"1":{"name":"(anonymous_2)","decl":{"start":{"line":8,"column":25},"end":{"line":8,"column":28}},"loc":{"start":{"line":8,"column":30},"end":{"line":25,"column":3}}},"2":{"name":"(anonymous_3)","decl":{"start":{"line":73,"column":27},"end":{"line":73,"column":28}},"loc":{"start":{"line":73,"column":48},"end":{"line":78,"column":3}}},"3":{"name":"(anonymous_4)","decl":{"start":{"line":74,"column":27},"end":{"line":74,"column":28}},"loc":{"start":{"line":74,"column":37},"end":{"line":77,"column":6}}},"4":{"name":"(anonymous_5)","decl":{"start":{"line":76,"column":28},"end":{"line":76,"column":29}},"loc":{"start":{"line":76,"column":35},"end":{"line":76,"column":53}}}},"branchMap":{"0":{"loc":{"start":{"line":69,"column":12},"end":{"line":69,"column":43}},"type":"binary-expr","locations":[{"start":{"line":69,"column":12},"end":{"line":69,"column":34}},{"start":{"line":69,"column":38},"end":{"line":69,"column":43}}]},"1":{"loc":{"start":{"line":70,"column":11},"end":{"line":70,"column":37}},"type":"binary-expr","locations":[{"start":{"line":70,"column":11},"end":{"line":70,"column":32}},{"start":{"line":70,"column":36},"end":{"line":70,"column":37}}]},"2":{"loc":{"start":{"line":76,"column":13},"end":{"line":76,"column":66}},"type":"binary-expr","locations":[{"start":{"line":76,"column":13},"end":{"line":76,"column":61}},{"start":{"line":76,"column":65},"end":{"line":76,"column":66}}]}},"s":{"0":1,"1":1,"2":1,"3":1,"4":2,"5":2,"6":2,"7":2,"8":2,"9":2,"10":2,"11":14,"12":14,"13":14,"14":14,"15":2,"16":2,"17":2,"18":2,"19":2,"20":2,"21":2,"22":2,"23":2,"24":2,"25":4,"26":28,"27":112,"28":2,"29":2,"30":2,"31":1},"f":{"0":2,"1":2,"2":4,"3":28,"4":112},"b":{"0":[2,1],"1":[2,1],"2":[28,4]}}
,"D:\\SLEAR\\Workspace\\my-projects\\capstone\\server\\src\\services\\dashboard\\get_total_users.service.ts": {"path":"D:\\SLEAR\\Workspace\\my-projects\\capstone\\server\\src\\services\\dashboard\\get_total_users.service.ts","statementMap":{"0":{"start":{"line":4,"column":0},"end":{"line":4,"column":7}},"1":{"start":{"line":1,"column":0},"end":{"line":1,"column":58}},"2":{"start":{"line":2,"column":0},"end":{"line":2,"column":43}},"3":{"start":{"line":5,"column":21},"end":{"line":5,"column":72}},"4":{"start":{"line":6,"column":2},"end":{"line":6,"column":24}}},"fnMap":{"0":{"name":"getTotalUsersService","decl":{"start":{"line":4,"column":22},"end":{"line":4,"column":42}},"loc":{"start":{"line":4,"column":42},"end":{"line":7,"column":1}}}},"branchMap":{},"s":{"0":1,"1":1,"2":1,"3":1,"4":1},"f":{"0":1},"b":{}}
,"D:\\SLEAR\\Workspace\\my-projects\\capstone\\server\\src\\services\\medicine_reminder\\create_medicine_reminder.service.ts": {"path":"D:\\SLEAR\\Workspace\\my-projects\\capstone\\server\\src\\services\\medicine_reminder\\create_medicine_reminder.service.ts","statementMap":{"0":{"start":{"line":6,"column":0},"end":{"line":6,"column":7}},"1":{"start":{"line":1,"column":0},"end":{"line":1,"column":null}},"2":{"start":{"line":4,"column":0},"end":{"line":4,"column":51}},"3":{"start":{"line":10,"column":65},"end":{"line":10,"column":69}},"4":{"start":{"line":12,"column":27},"end":{"line":16,"column":4}},"5":{"start":{"line":18,"column":2},"end":{"line":23,"column":3}},"6":{"start":{"line":19,"column":4},"end":{"line":22,"column":6}},"7":{"start":{"line":25,"column":27},"end":{"line":32,"column":4}},"8":{"start":{"line":34,"column":2},"end":{"line":34,"column":32}}},"fnMap":{"0":{"name":"createMedicineReminderService","decl":{"start":{"line":6,"column":22},"end":{"line":6,"column":51}},"loc":{"start":{"line":8,"column":25},"end":{"line":35,"column":1}}}},"branchMap":{"0":{"loc":{"start":{"line":18,"column":2},"end":{"line":23,"column":3}},"type":"if","locations":[{"start":{"line":18,"column":2},"end":{"line":23,"column":3}}]},"1":{"loc":{"start":{"line":30,"column":18},"end":{"line":30,"column":75}},"type":"cond-expr","locations":[{"start":{"line":30,"column":31},"end":{"line":30,"column":40}},{"start":{"line":30,"column":43},"end":{"line":30,"column":75}}]}},"s":{"0":1,"1":1,"2":1,"3":3,"4":3,"5":3,"6":1,"7":2,"8":2},"f":{"0":3},"b":{"0":[1],"1":[1,1]}}
,"D:\\SLEAR\\Workspace\\my-projects\\capstone\\server\\src\\services\\medicine_reminder\\delete_medicine_reminder.service.ts": {"path":"D:\\SLEAR\\Workspace\\my-projects\\capstone\\server\\src\\services\\medicine_reminder\\delete_medicine_reminder.service.ts","statementMap":{"0":{"start":{"line":4,"column":0},"end":{"line":4,"column":7}},"1":{"start":{"line":1,"column":0},"end":{"line":1,"column":68}},"2":{"start":{"line":2,"column":0},"end":{"line":2,"column":51}},"3":{"start":{"line":8,"column":34},"end":{"line":11,"column":4}},"4":{"start":{"line":13,"column":2},"end":{"line":15,"column":3}},"5":{"start":{"line":14,"column":4},"end":{"line":14,"column":60}},"6":{"start":{"line":17,"column":2},"end":{"line":17,"column":33}}},"fnMap":{"0":{"name":"deleteMedicineReminderService","decl":{"start":{"line":4,"column":22},"end":{"line":4,"column":51}},"loc":{"start":{"line":6,"column":20},"end":{"line":18,"column":1}}}},"branchMap":{"0":{"loc":{"start":{"line":13,"column":2},"end":{"line":15,"column":3}},"type":"if","locations":[{"start":{"line":13,"column":2},"end":{"line":15,"column":3}}]}},"s":{"0":1,"1":1,"2":1,"3":2,"4":2,"5":1,"6":1},"f":{"0":2},"b":{"0":[1]}}
,"D:\\SLEAR\\Workspace\\my-projects\\capstone\\server\\src\\services\\medicine_reminder\\get_medicine_reminder_list_by_user_id.service.ts": {"path":"D:\\SLEAR\\Workspace\\my-projects\\capstone\\server\\src\\services\\medicine_reminder\\get_medicine_reminder_list_by_user_id.service.ts","statementMap":{"0":{"start":{"line":5,"column":0},"end":{"line":5,"column":7}},"1":{"start":{"line":1,"column":0},"end":{"line":1,"column":null}},"2":{"start":{"line":8,"column":31},"end":{"line":10,"column":4}},"3":{"start":{"line":12,"column":2},"end":{"line":12,"column":30}}},"fnMap":{"0":{"name":"getMedicineReminderListByUserIdService","decl":{"start":{"line":5,"column":22},"end":{"line":5,"column":60}},"loc":{"start":{"line":6,"column":16},"end":{"line":13,"column":1}}}},"branchMap":{},"s":{"0":1,"1":1,"2":1,"3":1},"f":{"0":1},"b":{}}
,"D:\\SLEAR\\Workspace\\my-projects\\capstone\\server\\src\\services\\medicine_reminder\\update_medicine_reminder.service.ts": {"path":"D:\\SLEAR\\Workspace\\my-projects\\capstone\\server\\src\\services\\medicine_reminder\\update_medicine_reminder.service.ts","statementMap":{"0":{"start":{"line":6,"column":0},"end":{"line":6,"column":7}},"1":{"start":{"line":1,"column":0},"end":{"line":1,"column":null}},"2":{"start":{"line":4,"column":0},"end":{"line":4,"column":51}},"3":{"start":{"line":11,"column":65},"end":{"line":11,"column":69}},"4":{"start":{"line":13,"column":27},"end":{"line":18,"column":4}},"5":{"start":{"line":20,"column":2},"end":{"line":25,"column":3}},"6":{"start":{"line":21,"column":4},"end":{"line":24,"column":6}},"7":{"start":{"line":27,"column":34},"end":{"line":36,"column":null}},"8":{"start":{"line":39,"column":2},"end":{"line":41,"column":3}},"9":{"start":{"line":40,"column":4},"end":{"line":40,"column":60}},"10":{"start":{"line":43,"column":2},"end":{"line":43,"column":33}}},"fnMap":{"0":{"name":"updateMedicineReminderService","decl":{"start":{"line":6,"column":22},"end":{"line":6,"column":51}},"loc":{"start":{"line":9,"column":25},"end":{"line":44,"column":1}}}},"branchMap":{"0":{"loc":{"start":{"line":20,"column":2},"end":{"line":25,"column":3}},"type":"if","locations":[{"start":{"line":20,"column":2},"end":{"line":25,"column":3}}]},"1":{"loc":{"start":{"line":34,"column":20},"end":{"line":34,"column":77}},"type":"cond-expr","locations":[{"start":{"line":34,"column":33},"end":{"line":34,"column":42}},{"start":{"line":34,"column":45},"end":{"line":34,"column":77}}]},"2":{"loc":{"start":{"line":39,"column":2},"end":{"line":41,"column":3}},"type":"if","locations":[{"start":{"line":39,"column":2},"end":{"line":41,"column":3}}]}},"s":{"0":1,"1":1,"2":1,"3":4,"4":4,"5":4,"6":1,"7":3,"8":3,"9":1,"10":2},"f":{"0":4},"b":{"0":[1],"1":[2,1],"2":[1]}}
,"D:\\SLEAR\\Workspace\\my-projects\\capstone\\server\\src\\services\\queue\\create_queue.service.ts": {"path":"D:\\SLEAR\\Workspace\\my-projects\\capstone\\server\\src\\services\\queue\\create_queue.service.ts","statementMap":{"0":{"start":{"line":1,"column":0},"end":{"line":1,"column":60}},"1":{"start":{"line":2,"column":0},"end":{"line":2,"column":51}},"2":{"start":{"line":3,"column":0},"end":{"line":3,"column":37}},"3":{"start":{"line":4,"column":0},"end":{"line":4,"column":86}},"4":{"start":{"line":6,"column":34},"end":{"line":51,"column":1}},"5":{"start":{"line":11,"column":24},"end":{"line":14,"column":4}},"6":{"start":{"line":16,"column":2},"end":{"line":18,"column":3}},"7":{"start":{"line":17,"column":4},"end":{"line":17,"column":54}},"8":{"start":{"line":20,"column":2},"end":{"line":22,"column":3}},"9":{"start":{"line":21,"column":4},"end":{"line":21,"column":52}},"10":{"start":{"line":24,"column":21},"end":{"line":29,"column":4}},"11":{"start":{"line":31,"column":2},"end":{"line":31,"column":26}},"12":{"start":{"line":33,"column":2},"end":{"line":45,"column":3}},"13":{"start":{"line":35,"column":4},"end":{"line":41,"column":7}},"14":{"start":{"line":42,"column":4},"end":{"line":42,"column":72}},"15":{"start":{"line":44,"column":4},"end":{"line":44,"column":60}},"16":{"start":{"line":47,"column":2},"end":{"line":50,"column":4}},"17":{"start":{"line":6,"column":13},"end":{"line":6,"column":34}}},"fnMap":{"0":{"name":"(anonymous_1)","decl":{"start":{"line":6,"column":34},"end":{"line":6,"column":39}},"loc":{"start":{"line":10,"column":4},"end":{"line":51,"column":1}}}},"branchMap":{"0":{"loc":{"start":{"line":16,"column":2},"end":{"line":18,"column":3}},"type":"if","locations":[{"start":{"line":16,"column":2},"end":{"line":18,"column":3}}]},"1":{"loc":{"start":{"line":20,"column":2},"end":{"line":22,"column":3}},"type":"if","locations":[{"start":{"line":20,"column":2},"end":{"line":22,"column":3}}]}},"s":{"0":1,"1":1,"2":1,"3":1,"4":1,"5":4,"6":4,"7":1,"8":3,"9":1,"10":2,"11":2,"12":2,"13":2,"14":1,"15":1,"16":2,"17":1},"f":{"0":4},"b":{"0":[1],"1":[1]}}
,"D:\\SLEAR\\Workspace\\my-projects\\capstone\\server\\src\\services\\queue\\get_active_queue_by_user_id.service.ts": {"path":"D:\\SLEAR\\Workspace\\my-projects\\capstone\\server\\src\\services\\queue\\get_active_queue_by_user_id.service.ts","statementMap":{"0":{"start":{"line":1,"column":0},"end":{"line":1,"column":60}},"1":{"start":{"line":3,"column":45},"end":{"line":22,"column":1}},"2":{"start":{"line":5,"column":23},"end":{"line":9,"column":38}},"3":{"start":{"line":12,"column":20},"end":{"line":12,"column":78}},"4":{"start":{"line":12,"column":54},"end":{"line":12,"column":77}},"5":{"start":{"line":14,"column":2},"end":{"line":21,"column":4}},"6":{"start":{"line":3,"column":13},"end":{"line":3,"column":45}}},"fnMap":{"0":{"name":"(anonymous_1)","decl":{"start":{"line":3,"column":45},"end":{"line":3,"column":50}},"loc":{"start":{"line":3,"column":70},"end":{"line":22,"column":1}}},"1":{"name":"(anonymous_2)","decl":{"start":{"line":12,"column":43},"end":{"line":12,"column":44}},"loc":{"start":{"line":12,"column":54},"end":{"line":12,"column":77}}}},"branchMap":{"0":{"loc":{"start":{"line":15,"column":14},"end":{"line":15,"column":53}},"type":"cond-expr","locations":[{"start":{"line":15,"column":33},"end":{"line":15,"column":46}},{"start":{"line":15,"column":49},"end":{"line":15,"column":53}}]}},"s":{"0":1,"1":1,"2":2,"3":2,"4":5,"5":2,"6":1},"f":{"0":2,"1":5},"b":{"0":[1,1]}}
,"D:\\SLEAR\\Workspace\\my-projects\\capstone\\server\\src\\services\\queue\\get_queue_history_by_user_id.service.ts": {"path":"D:\\SLEAR\\Workspace\\my-projects\\capstone\\server\\src\\services\\queue\\get_queue_history_by_user_id.service.ts","statementMap":{"0":{"start":{"line":1,"column":0},"end":{"line":1,"column":60}},"1":{"start":{"line":3,"column":44},"end":{"line":5,"column":1}},"2":{"start":{"line":4,"column":2},"end":{"line":4,"column":45}},"3":{"start":{"line":3,"column":13},"end":{"line":3,"column":44}}},"fnMap":{"0":{"name":"(anonymous_1)","decl":{"start":{"line":3,"column":44},"end":{"line":3,"column":49}},"loc":{"start":{"line":3,"column":69},"end":{"line":5,"column":1}}}},"branchMap":{},"s":{"0":1,"1":1,"2":1,"3":1},"f":{"0":1},"b":{}}
,"D:\\SLEAR\\Workspace\\my-projects\\capstone\\server\\src\\services\\queue\\get_queue_limit.service.ts": {"path":"D:\\SLEAR\\Workspace\\my-projects\\capstone\\server\\src\\services\\queue\\get_queue_limit.service.ts","statementMap":{"0":{"start":{"line":1,"column":0},"end":{"line":1,"column":63}},"1":{"start":{"line":3,"column":36},"end":{"line":16,"column":1}},"2":{"start":{"line":4,"column":21},"end":{"line":4,"column":54}},"3":{"start":{"line":6,"column":2},"end":{"line":13,"column":3}},"4":{"start":{"line":7,"column":28},"end":{"line":10,"column":6}},"5":{"start":{"line":11,"column":4},"end":{"line":11,"column":33}},"6":{"start":{"line":12,"column":4},"end":{"line":12,"column":27}},"7":{"start":{"line":15,"column":2},"end":{"line":15,"column":20}},"8":{"start":{"line":3,"column":13},"end":{"line":3,"column":36}}},"fnMap":{"0":{"name":"(anonymous_1)","decl":{"start":{"line":3,"column":36},"end":{"line":3,"column":41}},"loc":{"start":{"line":3,"column":47},"end":{"line":16,"column":1}}}},"branchMap":{"0":{"loc":{"start":{"line":6,"column":2},"end":{"line":13,"column":3}},"type":"if","locations":[{"start":{"line":6,"column":2},"end":{"line":13,"column":3}}]}},"s":{"0":1,"1":1,"2":2,"3":2,"4":1,"5":1,"6":1,"7":1,"8":1},"f":{"0":2},"b":{"0":[1]}}
,"D:\\SLEAR\\Workspace\\my-projects\\capstone\\server\\src\\services\\queue\\get_queue_list.service.ts": {"path":"D:\\SLEAR\\Workspace\\my-projects\\capstone\\server\\src\\services\\queue\\get_queue_list.service.ts","statementMap":{"0":{"start":{"line":1,"column":0},"end":{"line":1,"column":60}},"1":{"start":{"line":24,"column":35},"end":{"line":106,"column":1}},"2":{"start":{"line":32,"column":14},"end":{"line":32,"column":52}},"3":{"start":{"line":35,"column":2},"end":{"line":55,"column":3}},"4":{"start":{"line":36,"column":22},"end":{"line":41,"column":6}},"5":{"start":{"line":44,"column":26},"end":{"line":47,"column":20}},"6":{"start":{"line":48,"column":20},"end":{"line":48,"column":57}},"7":{"start":{"line":48,"column":48},"end":{"line":48,"column":56}},"8":{"start":{"line":51,"column":4},"end":{"line":54,"column":7}},"9":{"start":{"line":58,"column":2},"end":{"line":60,"column":3}},"10":{"start":{"line":59,"column":4},"end":{"line":59,"column":44}},"11":{"start":{"line":63,"column":2},"end":{"line":65,"column":3}},"12":{"start":{"line":64,"column":4},"end":{"line":64,"column":42}},"13":{"start":{"line":68,"column":2},"end":{"line":72,"column":5}},"14":{"start":{"line":74,"column":2},"end":{"line":78,"column":3}},"15":{"start":{"line":75,"column":27},"end":{"line":75,"column":42}},"16":{"start":{"line":76,"column":22},"end":{"line":76,"column":47}},"17":{"start":{"line":77,"column":4},"end":{"line":77,"column":47}},"18":{"start":{"line":80,"column":21},"end":{"line":80,"column":72}},"19":{"start":{"line":81,"column":21},"end":{"line":81,"column":50}},"20":{"start":{"line":82,"column":15},"end":{"line":82,"column":33}},"21":{"start":{"line":84,"column":20},"end":{"line":84,"column":62}},"22":{"start":{"line":86,"column":29},"end":{"line":93,"column":4}},"23":{"start":{"line":87,"column":24},"end":{"line":87,"column":40}},"24":{"start":{"line":88,"column":32},"end":{"line":88,"column":43}},"25":{"start":{"line":89,"column":4},"end":{"line":92,"column":6}},"26":{"start":{"line":95,"column":2},"end":{"line":105,"column":4}},"27":{"start":{"line":24,"column":13},"end":{"line":24,"column":35}}},"fnMap":{"0":{"name":"(anonymous_1)","decl":{"start":{"line":24,"column":35},"end":{"line":24,"column":40}},"loc":{"start":{"line":31,"column":50},"end":{"line":106,"column":1}}},"1":{"name":"(anonymous_2)","decl":{"start":{"line":48,"column":38},"end":{"line":48,"column":39}},"loc":{"start":{"line":48,"column":48},"end":{"line":48,"column":56}}},"2":{"name":"(anonymous_3)","decl":{"start":{"line":86,"column":43},"end":{"line":86,"column":44}},"loc":{"start":{"line":86,"column":53},"end":{"line":93,"column":3}}}},"branchMap":{"0":{"loc":{"start":{"line":27,"column":2},"end":{"line":27,"column":10}},"type":"default-arg","locations":[{"start":{"line":27,"column":9},"end":{"line":27,"column":10}}]},"1":{"loc":{"start":{"line":28,"column":2},"end":{"line":28,"column":12}},"type":"default-arg","locations":[{"start":{"line":28,"column":10},"end":{"line":28,"column":12}}]},"2":{"loc":{"start":{"line":35,"column":2},"end":{"line":55,"column":3}},"type":"if","locations":[{"start":{"line":35,"column":2},"end":{"line":55,"column":3}}]},"3":{"loc":{"start":{"line":58,"column":2},"end":{"line":60,"column":3}},"type":"if","locations":[{"start":{"line":58,"column":2},"end":{"line":60,"column":3}}]},"4":{"loc":{"start":{"line":63,"column":2},"end":{"line":65,"column":3}},"type":"if","locations":[{"start":{"line":63,"column":2},"end":{"line":65,"column":3}}]},"5":{"loc":{"start":{"line":74,"column":2},"end":{"line":78,"column":3}},"type":"if","locations":[{"start":{"line":74,"column":2},"end":{"line":78,"column":3}}]},"6":{"loc":{"start":{"line":76,"column":22},"end":{"line":76,"column":47}},"type":"cond-expr","locations":[{"start":{"line":76,"column":41},"end":{"line":76,"column":43}},{"start":{"line":76,"column":46},"end":{"line":76,"column":47}}]}},"s":{"0":1,"1":1,"2":6,"3":6,"4":1,"5":1,"6":1,"7":2,"8":1,"9":6,"10":1,"11":6,"12":1,"13":6,"14":6,"15":1,"16":1,"17":1,"18":6,"19":6,"20":6,"21":6,"22":6,"23":12,"24":12,"25":12,"26":6,"27":1},"f":{"0":6,"1":2,"2":12},"b":{"0":[5],"1":[5],"2":[1],"3":[1],"4":[1],"5":[1],"6":[1,0]}}
,"D:\\SLEAR\\Workspace\\my-projects\\capstone\\server\\src\\services\\queue\\update_queue_limit.service.ts": {"path":"D:\\SLEAR\\Workspace\\my-projects\\capstone\\server\\src\\services\\queue\\update_queue_limit.service.ts","statementMap":{"0":{"start":{"line":5,"column":0},"end":{"line":5,"column":7}},"1":{"start":{"line":1,"column":0},"end":{"line":1,"column":60}},"2":{"start":{"line":2,"column":0},"end":{"line":2,"column":63}},"3":{"start":{"line":3,"column":0},"end":{"line":3,"column":51}},"4":{"start":{"line":9,"column":2},"end":{"line":11,"column":3}},"5":{"start":{"line":10,"column":4},"end":{"line":10,"column":63}},"6":{"start":{"line":14,"column":27},"end":{"line":17,"column":4}},"7":{"start":{"line":19,"column":2},"end":{"line":24,"column":3}},"8":{"start":{"line":20,"column":4},"end":{"line":23,"column":6}},"9":{"start":{"line":26,"column":28},"end":{"line":29,"column":null}},"10":{"start":{"line":32,"column":2},"end":{"line":32,"column":27}}},"fnMap":{"0":{"name":"updateQueueLimitService","decl":{"start":{"line":5,"column":22},"end":{"line":5,"column":45}},"loc":{"start":{"line":7,"column":15},"end":{"line":33,"column":1}}}},"branchMap":{"0":{"loc":{"start":{"line":9,"column":2},"end":{"line":11,"column":3}},"type":"if","locations":[{"start":{"line":9,"column":2},"end":{"line":11,"column":3}}]},"1":{"loc":{"start":{"line":19,"column":2},"end":{"line":24,"column":3}},"type":"if","locations":[{"start":{"line":19,"column":2},"end":{"line":24,"column":3}}]}},"s":{"0":1,"1":1,"2":1,"3":1,"4":3,"5":1,"6":2,"7":2,"8":1,"9":1,"10":1},"f":{"0":3},"b":{"0":[1],"1":[1]}}
,"D:\\SLEAR\\Workspace\\my-projects\\capstone\\server\\src\\services\\queue\\update_user_queue_status.service.ts": {"path":"D:\\SLEAR\\Workspace\\my-projects\\capstone\\server\\src\\services\\queue\\update_user_queue_status.service.ts","statementMap":{"0":{"start":{"line":5,"column":0},"end":{"line":5,"column":7}},"1":{"start":{"line":1,"column":0},"end":{"line":1,"column":60}},"2":{"start":{"line":2,"column":0},"end":{"line":2,"column":51}},"3":{"start":{"line":3,"column":0},"end":{"line":3,"column":37}},"4":{"start":{"line":11,"column":23},"end":{"line":14,"column":null}},"5":{"start":{"line":17,"column":2},"end":{"line":19,"column":3}},"6":{"start":{"line":18,"column":4},"end":{"line":18,"column":64}},"7":{"start":{"line":21,"column":2},"end":{"line":32,"column":3}},"8":{"start":{"line":23,"column":4},"end":{"line":28,"column":7}},"9":{"start":{"line":29,"column":4},"end":{"line":29,"column":69}},"10":{"start":{"line":31,"column":4},"end":{"line":31,"column":64}},"11":{"start":{"line":34,"column":2},"end":{"line":34,"column":22}}},"fnMap":{},"branchMap":{"0":{"loc":{"start":{"line":17,"column":2},"end":{"line":19,"column":3}},"type":"if","locations":[{"start":{"line":17,"column":2},"end":{"line":19,"column":3}}]}},"s":{"0":1,"1":1,"2":1,"3":1,"4":3,"5":3,"6":1,"7":2,"8":2,"9":1,"10":1,"11":2},"f":{},"b":{"0":[1]}}
,"D:\\SLEAR\\Workspace\\my-projects\\capstone\\server\\src\\services\\user\\get_user_list.service.ts": {"path":"D:\\SLEAR\\Workspace\\my-projects\\capstone\\server\\src\\services\\user\\get_user_list.service.ts","statementMap":{"0":{"start":{"line":4,"column":0},"end":{"line":4,"column":7}},"1":{"start":{"line":1,"column":0},"end":{"line":1,"column":58}},"2":{"start":{"line":2,"column":0},"end":{"line":2,"column":43}},"3":{"start":{"line":5,"column":2},"end":{"line":5,"column":71}}},"fnMap":{"0":{"name":"getUserListService","decl":{"start":{"line":4,"column":22},"end":{"line":4,"column":40}},"loc":{"start":{"line":4,"column":40},"end":{"line":6,"column":1}}}},"branchMap":{},"s":{"0":1,"1":1,"2":1,"3":1},"f":{"0":1},"b":{}}
,"D:\\SLEAR\\Workspace\\my-projects\\capstone\\server\\src\\services\\user\\verify_user.service.ts": {"path":"D:\\SLEAR\\Workspace\\my-projects\\capstone\\server\\src\\services\\user\\verify_user.service.ts","statementMap":{"0":{"start":{"line":1,"column":0},"end":{"line":1,"column":43}},"1":{"start":{"line":2,"column":0},"end":{"line":2,"column":51}},"2":{"start":{"line":10,"column":33},"end":{"line":35,"column":1}},"3":{"start":{"line":15,"column":15},"end":{"line":15,"column":42}},"4":{"start":{"line":17,"column":2},"end":{"line":19,"column":3}},"5":{"start":{"line":18,"column":4},"end":{"line":18,"column":47}},"6":{"start":{"line":21,"column":2},"end":{"line":21,"column":19}},"7":{"start":{"line":22,"column":2},"end":{"line":22,"column":35}},"8":{"start":{"line":23,"column":2},"end":{"line":23,"column":25}},"9":{"start":{"line":24,"column":2},"end":{"line":24,"column":20}},"10":{"start":{"line":26,"column":2},"end":{"line":34,"column":4}},"11":{"start":{"line":10,"column":13},"end":{"line":10,"column":33}}},"fnMap":{"0":{"name":"(anonymous_1)","decl":{"start":{"line":10,"column":33},"end":{"line":10,"column":38}},"loc":{"start":{"line":14,"column":24},"end":{"line":35,"column":1}}}},"branchMap":{"0":{"loc":{"start":{"line":17,"column":2},"end":{"line":19,"column":3}},"type":"if","locations":[{"start":{"line":17,"column":2},"end":{"line":19,"column":3}}]}},"s":{"0":1,"1":1,"2":1,"3":3,"4":3,"5":2,"6":1,"7":1,"8":1,"9":1,"10":1,"11":1},"f":{"0":3},"b":{"0":[2]}}
,"D:\\SLEAR\\Workspace\\my-projects\\capstone\\server\\src\\utils\\http-error\\index.ts": {"path":"D:\\SLEAR\\Workspace\\my-projects\\capstone\\server\\src\\utils\\http-error\\index.ts","statementMap":{"0":{"start":{"line":6,"column":4},"end":{"line":6,"column":19}},"1":{"start":{"line":7,"column":4},"end":{"line":7,"column":33}},"2":{"start":{"line":8,"column":4},"end":{"line":8,"column":27}},"3":{"start":{"line":10,"column":4},"end":{"line":10,"column":38}},"4":{"start":{"line":12,"column":4},"end":{"line":12,"column":52}},"5":{"start":{"line":1,"column":0},"end":{"line":1,"column":13}}},"fnMap":{"0":{"name":"(anonymous_0)","decl":{"start":{"line":5,"column":2},"end":{"line":5,"column":14}},"loc":{"start":{"line":5,"column":49},"end":{"line":13,"column":3}}}},"branchMap":{},"s":{"0":29,"1":29,"2":29,"3":29,"4":29,"5":10},"f":{"0":29},"b":{}}
,"D:\\SLEAR\\Workspace\\my-projects\\capstone\\server\\src\\utils\\jwt\\sign_refresh_token.util.ts": {"path":"D:\\SLEAR\\Workspace\\my-projects\\capstone\\server\\src\\utils\\jwt\\sign_refresh_token.util.ts","statementMap":{"0":{"start":{"line":1,"column":0},"end":{"line":1,"column":31}},"1":{"start":{"line":3,"column":0},"end":{"line":3,"column":null}},"2":{"start":{"line":8,"column":32},"end":{"line":12,"column":1}},"3":{"start":{"line":9,"column":2},"end":{"line":11,"column":5}},"4":{"start":{"line":8,"column":13},"end":{"line":8,"column":32}}},"fnMap":{"0":{"name":"(anonymous_1)","decl":{"start":{"line":8,"column":32},"end":{"line":8,"column":33}},"loc":{"start":{"line":8,"column":64},"end":{"line":12,"column":1}}}},"branchMap":{},"s":{"0":1,"1":1,"2":1,"3":0,"4":1},"f":{"0":0},"b":{}}
,"D:\\SLEAR\\Workspace\\my-projects\\capstone\\server\\src\\utils\\jwt\\sign_token.util.ts": {"path":"D:\\SLEAR\\Workspace\\my-projects\\capstone\\server\\src\\utils\\jwt\\sign_token.util.ts","statementMap":{"0":{"start":{"line":1,"column":0},"end":{"line":1,"column":48}},"1":{"start":{"line":3,"column":0},"end":{"line":3,"column":73}},"2":{"start":{"line":5,"column":23},"end":{"line":13,"column":1}},"3":{"start":{"line":9,"column":2},"end":{"line":12,"column":5}},"4":{"start":{"line":5,"column":13},"end":{"line":5,"column":23}}},"fnMap":{"0":{"name":"(anonymous_1)","decl":{"start":{"line":5,"column":23},"end":{"line":5,"column":null}},"loc":{"start":{"line":8,"column":12},"end":{"line":13,"column":1}}}},"branchMap":{"0":{"loc":{"start":{"line":7,"column":2},"end":{"line":7,"column":27}},"type":"default-arg","locations":[{"start":{"line":7,"column":25},"end":{"line":7,"column":27}}]}},"s":{"0":1,"1":1,"2":1,"3":0,"4":1},"f":{"0":0},"b":{"0":[0]}}
,"D:\\SLEAR\\Workspace\\my-projects\\capstone\\server\\src\\utils\\jwt\\constant\\secrets.constant.ts": {"path":"D:\\SLEAR\\Workspace\\my-projects\\capstone\\server\\src\\utils\\jwt\\constant\\secrets.constant.ts","statementMap":{"0":{"start":{"line":1,"column":13},"end":{"line":1,"column":65}},"1":{"start":{"line":2,"column":13},"end":{"line":2,"column":65}},"2":{"start":{"line":3,"column":13},"end":{"line":4,"column":53}},"3":{"start":{"line":5,"column":13},"end":{"line":5,"column":74}}},"fnMap":{},"branchMap":{"0":{"loc":{"start":{"line":1,"column":26},"end":{"line":1,"column":64}},"type":"binary-expr","locations":[{"start":{"line":1,"column":26},"end":{"line":1,"column":48}},{"start":{"line":1,"column":52},"end":{"line":1,"column":64}}]},"1":{"loc":{"start":{"line":2,"column":30},"end":{"line":2,"column":64}},"type":"binary-expr","locations":[{"start":{"line":2,"column":30},"end":{"line":2,"column":56}},{"start":{"line":2,"column":60},"end":{"line":2,"column":64}}]},"2":{"loc":{"start":{"line":4,"column":2},"end":{"line":4,"column":52}},"type":"binary-expr","locations":[{"start":{"line":4,"column":2},"end":{"line":4,"column":28}},{"start":{"line":4,"column":32},"end":{"line":4,"column":52}}]},"3":{"loc":{"start":{"line":5,"column":34},"end":{"line":5,"column":73}},"type":"binary-expr","locations":[{"start":{"line":5,"column":34},"end":{"line":5,"column":64}},{"start":{"line":5,"column":68},"end":{"line":5,"column":73}}]}},"s":{"0":2,"1":2,"2":2,"3":2},"f":{},"b":{"0":[2,2],"1":[2,2],"2":[2,2],"3":[2,2]}}
,"D:\\SLEAR\\Workspace\\my-projects\\capstone\\server\\src\\utils\\logger\\index.ts": {"path":"D:\\SLEAR\\Workspace\\my-projects\\capstone\\server\\src\\utils\\logger\\index.ts","statementMap":{"0":{"start":{"line":1,"column":0},"end":{"line":1,"column":26}},"1":{"start":{"line":2,"column":0},"end":{"line":2,"column":26}},"2":{"start":{"line":4,"column":12},"end":{"line":15,"column":2}},"3":{"start":{"line":8,"column":19},"end":{"line":8,"column":50}},"4":{"start":{"line":17,"column":0},"end":{"line":17,"column":19}}},"fnMap":{"0":{"name":"(anonymous_1)","decl":{"start":{"line":8,"column":13},"end":{"line":8,"column":16}},"loc":{"start":{"line":8,"column":19},"end":{"line":8,"column":50}}}},"branchMap":{},"s":{"0":4,"1":4,"2":4,"3":18,"4":4},"f":{"0":18},"b":{}}
,"D:\\SLEAR\\Workspace\\my-projects\\capstone\\server\\src\\utils\\queue_validator\\queue_validator.util.ts": {"path":"D:\\SLEAR\\Workspace\\my-projects\\capstone\\server\\src\\utils\\queue_validator\\queue_validator.util.ts","statementMap":{"0":{"start":{"line":4,"column":0},"end":{"line":4,"column":7}},"1":{"start":{"line":1,"column":0},"end":{"line":1,"column":74}},"2":{"start":{"line":2,"column":0},"end":{"line":2,"column":60}},"3":{"start":{"line":5,"column":21},"end":{"line":5,"column":48}},"4":{"start":{"line":6,"column":23},"end":{"line":6,"column":79}},"5":{"start":{"line":8,"column":2},"end":{"line":8,"column":71}}},"fnMap":{"0":{"name":"queueValidatorUtil","decl":{"start":{"line":4,"column":22},"end":{"line":4,"column":40}},"loc":{"start":{"line":4,"column":40},"end":{"line":9,"column":1}}}},"branchMap":{"0":{"loc":{"start":{"line":8,"column":9},"end":{"line":8,"column":70}},"type":"binary-expr","locations":[{"start":{"line":8,"column":9},"end":{"line":8,"column":35}},{"start":{"line":8,"column":39},"end":{"line":8,"column":70}}]}},"s":{"0":1,"1":1,"2":1,"3":0,"4":0,"5":0},"f":{"0":0},"b":{"0":[0,0]}}
}
