TN:
SF:src\constant\user_type.constant.ts
FN:2,(anonymous_0)
FNF:1
FNH:1
FNDA:10,(anonymous_0)
DA:2,10
DA:3,10
DA:4,10
DA:7,10
LF:4
LH:4
BRDA:2,0,0,10
BRDA:2,0,1,10
BRF:2
BRH:2
end_of_record
TN:
SF:src\helper\get_queue_limit.helper.ts
FN:3,getQueueLimitHelper
FNF:1
FNH:0
FNDA:0,getQueueLimitHelper
DA:1,1
DA:3,1
DA:4,0
DA:5,0
LF:4
LH:2
BRDA:5,0,0,0
BRDA:5,0,1,0
BRF:2
BRH:0
end_of_record
TN:
SF:src\models\medical_queue.model.ts
FN:14,(anonymous_1)
FNF:1
FNH:0
FNDA:0,(anonymous_1)
DA:1,7
DA:10,7
DA:15,0
DA:43,7
DA:45,7
LF:5
LH:4
BRF:0
BRH:0
end_of_record
TN:
SF:src\models\medicine_reminder.model.ts
FN:32,(anonymous_1)
FNF:1
FNH:0
FNDA:0,(anonymous_1)
DA:1,5
DA:12,5
DA:33,0
DA:45,5
DA:50,5
LF:5
LH:4
BRF:0
BRH:0
end_of_record
TN:
SF:src\models\push_subscription.model.ts
FNF:0
FNH:0
DA:1,1
DA:11,1
DA:27,1
DA:32,1
LF:4
LH:4
BRF:0
BRH:0
end_of_record
TN:
SF:src\models\queue_limit.model.ts
FNF:0
FNH:0
DA:1,4
DA:10,4
DA:28,4
DA:33,4
LF:4
LH:4
BRF:0
BRH:0
end_of_record
TN:
SF:src\models\user.model.ts
FN:21,(anonymous_1)
FN:33,(anonymous_2)
FN:55,(anonymous_3)
FN:81,(anonymous_4)
FNF:4
FNH:0
FNDA:0,(anonymous_1)
FNDA:0,(anonymous_2)
FNDA:0,(anonymous_3)
FNDA:0,(anonymous_4)
DA:1,7
DA:3,7
DA:17,7
DA:22,0
DA:34,0
DA:56,0
DA:79,7
DA:81,7
DA:82,0
DA:83,0
DA:85,0
DA:88,7
LF:12
LH:6
BRDA:34,0,0,0
BRDA:34,0,1,0
BRDA:56,1,0,0
BRDA:56,1,1,0
BRDA:82,2,0,0
BRF:5
BRH:0
end_of_record
TN:
SF:src\services\cron.service.ts
FN:9,(anonymous_1)
FN:28,(anonymous_2)
FN:40,(anonymous_3)
FN:102,(anonymous_4)
FN:112,(anonymous_5)
FNF:5
FNH:3
FNDA:2,(anonymous_1)
FNDA:2,(anonymous_2)
FNDA:0,(anonymous_3)
FNDA:0,(anonymous_4)
FNDA:1,(anonymous_5)
DA:1,1
DA:4,1
DA:5,1
DA:6,1
DA:7,1
DA:9,1
DA:13,2
DA:14,2
DA:15,2
DA:20,1
DA:21,1
DA:23,1
DA:24,1
DA:28,1
DA:29,2
DA:30,2
DA:31,2
DA:32,1
DA:33,1
DA:35,1
DA:36,1
DA:40,1
DA:41,0
DA:42,0
DA:43,0
DA:44,0
DA:49,0
DA:52,0
DA:71,0
DA:72,0
DA:75,0
DA:76,0
DA:81,0
DA:82,0
DA:83,0
DA:87,0
DA:88,0
DA:89,0
DA:90,0
DA:94,0
DA:95,0
DA:97,0
DA:100,0
DA:101,0
DA:102,0
DA:107,0
DA:112,1
DA:113,1
DA:114,1
DA:117,1
LF:50
LH:26
BRDA:87,0,0,0
BRDA:87,0,1,0
BRDA:94,1,0,0
BRDA:94,1,1,0
BRF:4
BRH:0
end_of_record
TN:
SF:src\services\webPush.service.ts
FN:17,(anonymous_1)
FNF:1
FNH:1
FNDA:3,(anonymous_1)
DA:1,1
DA:6,1
DA:11,1
DA:17,1
DA:21,3
DA:22,3
DA:32,3
DA:33,2
DA:35,1
DA:36,1
LF:10
LH:10
BRDA:7,0,0,1
BRDA:7,0,1,1
BRDA:8,1,0,1
BRDA:8,1,1,1
BRF:4
BRH:4
end_of_record
TN:
SF:src\services\auth\change_password.service.ts
FN:12,(anonymous_1)
FNF:1
FNH:1
FNDA:5,(anonymous_1)
DA:1,1
DA:3,1
DA:4,1
DA:12,1
DA:17,5
DA:18,5
DA:19,2
DA:22,3
DA:23,3
DA:24,2
DA:27,1
DA:29,1
DA:30,1
DA:32,1
LF:14
LH:14
BRDA:18,0,0,2
BRDA:23,1,0,2
BRF:2
BRH:2
end_of_record
TN:
SF:src\services\auth\login.service.ts
FN:9,(anonymous_1)
FNF:1
FNH:1
FNDA:6,(anonymous_1)
DA:1,1
DA:3,1
DA:4,1
DA:6,1
DA:7,1
DA:9,1
DA:10,6
DA:11,6
DA:12,2
DA:15,4
DA:16,4
DA:17,3
DA:20,1
DA:27,1
DA:28,1
DA:30,1
LF:16
LH:16
BRDA:11,0,0,2
BRDA:16,1,0,3
BRF:2
BRH:2
end_of_record
TN:
SF:src\services\auth\regiter.service.ts
FN:7,(anonymous_1)
FNF:1
FNH:1
FNDA:3,(anonymous_1)
DA:1,1
DA:3,1
DA:4,1
DA:5,1
DA:7,1
DA:16,3
DA:17,3
DA:18,2
DA:21,1
DA:22,1
DA:29,1
DA:31,1
LF:12
LH:12
BRDA:17,0,0,2
BRF:1
BRH:1
end_of_record
TN:
SF:src\services\dashboard\get_data_analytics.service.ts
FN:5,(anonymous_1)
FN:8,(anonymous_2)
FN:73,(anonymous_3)
FN:74,(anonymous_4)
FN:76,(anonymous_5)
FNF:5
FNH:5
FNDA:2,(anonymous_1)
FNDA:2,(anonymous_2)
FNDA:4,(anonymous_3)
FNDA:28,(anonymous_4)
FNDA:112,(anonymous_5)
DA:1,1
DA:2,1
DA:3,1
DA:5,1
DA:6,2
DA:8,2
DA:9,2
DA:10,2
DA:11,2
DA:13,2
DA:14,14
DA:15,14
DA:16,14
DA:18,14
DA:24,2
DA:27,2
DA:28,2
DA:29,2
DA:31,2
DA:45,2
DA:59,2
DA:64,2
DA:68,2
DA:73,2
DA:74,28
DA:76,112
DA:80,2
DA:81,2
DA:83,2
LF:29
LH:29
BRDA:69,0,0,2
BRDA:69,0,1,1
BRDA:70,1,0,2
BRDA:70,1,1,1
BRDA:76,2,0,28
BRDA:76,2,1,4
BRF:6
BRH:6
end_of_record
TN:
SF:src\services\dashboard\get_total_users.service.ts
FN:4,getTotalUsersService
FNF:1
FNH:1
FNDA:1,getTotalUsersService
DA:1,1
DA:2,1
DA:4,1
DA:5,1
DA:6,1
LF:5
LH:5
BRF:0
BRH:0
end_of_record
TN:
SF:src\services\medicine_reminder\create_medicine_reminder.service.ts
FN:6,createMedicineReminderService
FNF:1
FNH:1
FNDA:3,createMedicineReminderService
DA:1,1
DA:4,1
DA:6,1
DA:10,3
DA:12,3
DA:18,3
DA:19,1
DA:25,2
DA:34,2
LF:9
LH:9
BRDA:18,0,0,1
BRDA:30,1,0,1
BRDA:30,1,1,1
BRF:3
BRH:3
end_of_record
TN:
SF:src\services\medicine_reminder\delete_medicine_reminder.service.ts
FN:4,deleteMedicineReminderService
FNF:1
FNH:1
FNDA:2,deleteMedicineReminderService
DA:1,1
DA:2,1
DA:4,1
DA:8,2
DA:13,2
DA:14,1
DA:17,1
LF:7
LH:7
BRDA:13,0,0,1
BRF:1
BRH:1
end_of_record
TN:
SF:src\services\medicine_reminder\get_medicine_reminder_list_by_user_id.service.ts
FN:5,getMedicineReminderListByUserIdService
FNF:1
FNH:1
FNDA:1,getMedicineReminderListByUserIdService
DA:1,1
DA:5,1
DA:8,1
DA:12,1
LF:4
LH:4
BRF:0
BRH:0
end_of_record
TN:
SF:src\services\medicine_reminder\update_medicine_reminder.service.ts
FN:6,updateMedicineReminderService
FNF:1
FNH:1
FNDA:4,updateMedicineReminderService
DA:1,1
DA:4,1
DA:6,1
DA:11,4
DA:13,4
DA:20,4
DA:21,1
DA:27,3
DA:39,3
DA:40,1
DA:43,2
LF:11
LH:11
BRDA:20,0,0,1
BRDA:34,1,0,2
BRDA:34,1,1,1
BRDA:39,2,0,1
BRF:4
BRH:4
end_of_record
TN:
SF:src\services\queue\create_queue.service.ts
FN:6,(anonymous_1)
FNF:1
FNH:1
FNDA:4,(anonymous_1)
DA:1,1
DA:2,1
DA:3,1
DA:4,1
DA:6,1
DA:11,4
DA:16,4
DA:17,1
DA:20,3
DA:21,1
DA:24,2
DA:31,2
DA:33,2
DA:35,2
DA:42,1
DA:44,1
DA:47,2
LF:17
LH:17
BRDA:16,0,0,1
BRDA:20,1,0,1
BRF:2
BRH:2
end_of_record
TN:
SF:src\services\queue\get_active_queue_by_user_id.service.ts
FN:3,(anonymous_1)
FN:12,(anonymous_2)
FNF:2
FNH:2
FNDA:2,(anonymous_1)
FNDA:5,(anonymous_2)
DA:1,1
DA:3,1
DA:5,2
DA:12,5
DA:14,2
LF:5
LH:5
BRDA:15,0,0,1
BRDA:15,0,1,1
BRF:2
BRH:2
end_of_record
TN:
SF:src\services\queue\get_queue_history_by_user_id.service.ts
FN:3,(anonymous_1)
FNF:1
FNH:1
FNDA:1,(anonymous_1)
DA:1,1
DA:3,1
DA:4,1
LF:3
LH:3
BRF:0
BRH:0
end_of_record
TN:
SF:src\services\queue\get_queue_limit.service.ts
FN:3,(anonymous_1)
FNF:1
FNH:1
FNDA:2,(anonymous_1)
DA:1,1
DA:3,1
DA:4,2
DA:6,2
DA:7,1
DA:11,1
DA:12,1
DA:15,1
LF:8
LH:8
BRDA:6,0,0,1
BRF:1
BRH:1
end_of_record
TN:
SF:src\services\queue\get_queue_list.service.ts
FN:24,(anonymous_1)
FN:48,(anonymous_2)
FN:86,(anonymous_3)
FNF:3
FNH:3
FNDA:6,(anonymous_1)
FNDA:2,(anonymous_2)
FNDA:12,(anonymous_3)
DA:1,1
DA:24,1
DA:32,6
DA:35,6
DA:36,1
DA:44,1
DA:48,2
DA:51,1
DA:58,6
DA:59,1
DA:63,6
DA:64,1
DA:68,6
DA:74,6
DA:75,1
DA:76,1
DA:77,1
DA:80,6
DA:81,6
DA:82,6
DA:84,6
DA:86,6
DA:87,12
DA:88,12
DA:89,12
DA:95,6
LF:26
LH:26
BRDA:27,0,0,5
BRDA:28,1,0,5
BRDA:35,2,0,1
BRDA:58,3,0,1
BRDA:63,4,0,1
BRDA:74,5,0,1
BRDA:76,6,0,1
BRDA:76,6,1,0
BRF:8
BRH:7
end_of_record
TN:
SF:src\services\queue\update_queue_limit.service.ts
FN:5,updateQueueLimitService
FNF:1
FNH:1
FNDA:3,updateQueueLimitService
DA:1,1
DA:2,1
DA:3,1
DA:5,1
DA:9,3
DA:10,1
DA:14,2
DA:19,2
DA:20,1
DA:26,1
DA:32,1
LF:11
LH:11
BRDA:9,0,0,1
BRDA:19,1,0,1
BRF:2
BRH:2
end_of_record
TN:
SF:src\services\queue\update_user_queue_status.service.ts
FNF:0
FNH:0
DA:1,1
DA:2,1
DA:3,1
DA:5,1
DA:11,3
DA:17,3
DA:18,1
DA:21,2
DA:23,2
DA:29,1
DA:31,1
DA:34,2
LF:12
LH:12
BRDA:17,0,0,1
BRF:1
BRH:1
end_of_record
TN:
SF:src\services\user\get_user_list.service.ts
FN:4,getUserListService
FNF:1
FNH:1
FNDA:1,getUserListService
DA:1,1
DA:2,1
DA:4,1
DA:5,1
LF:4
LH:4
BRF:0
BRH:0
end_of_record
TN:
SF:src\services\user\verify_user.service.ts
FN:10,(anonymous_1)
FNF:1
FNH:1
FNDA:3,(anonymous_1)
DA:1,1
DA:2,1
DA:10,1
DA:15,3
DA:17,3
DA:18,2
DA:21,1
DA:22,1
DA:23,1
DA:24,1
DA:26,1
LF:11
LH:11
BRDA:17,0,0,2
BRF:1
BRH:1
end_of_record
TN:
SF:src\utils\http-error\index.ts
FN:5,(anonymous_0)
FNF:1
FNH:1
FNDA:29,(anonymous_0)
DA:1,10
DA:6,29
DA:7,29
DA:8,29
DA:10,29
DA:12,29
LF:6
LH:6
BRF:0
BRH:0
end_of_record
TN:
SF:src\utils\jwt\sign_refresh_token.util.ts
FN:8,(anonymous_1)
FNF:1
FNH:0
FNDA:0,(anonymous_1)
DA:1,1
DA:3,1
DA:8,1
DA:9,0
LF:4
LH:3
BRF:0
BRH:0
end_of_record
TN:
SF:src\utils\jwt\sign_token.util.ts
FN:5,(anonymous_1)
FNF:1
FNH:0
FNDA:0,(anonymous_1)
DA:1,1
DA:3,1
DA:5,1
DA:9,0
LF:4
LH:3
BRDA:7,0,0,0
BRF:1
BRH:0
end_of_record
TN:
SF:src\utils\jwt\constant\secrets.constant.ts
FNF:0
FNH:0
DA:1,2
DA:2,2
DA:3,2
DA:5,2
LF:4
LH:4
BRDA:1,0,0,2
BRDA:1,0,1,2
BRDA:2,1,0,2
BRDA:2,1,1,2
BRDA:4,2,0,2
BRDA:4,2,1,2
BRDA:5,3,0,2
BRDA:5,3,1,2
BRF:8
BRH:8
end_of_record
TN:
SF:src\utils\logger\index.ts
FN:8,(anonymous_1)
FNF:1
FNH:1
FNDA:18,(anonymous_1)
DA:1,4
DA:2,4
DA:4,4
DA:8,18
DA:17,4
LF:5
LH:5
BRF:0
BRH:0
end_of_record
TN:
SF:src\utils\queue_validator\queue_validator.util.ts
FN:4,queueValidatorUtil
FNF:1
FNH:0
FNDA:0,queueValidatorUtil
DA:1,1
DA:2,1
DA:4,1
DA:5,0
DA:6,0
DA:8,0
LF:6
LH:3
BRDA:8,0,0,0
BRDA:8,0,1,0
BRF:2
BRH:0
end_of_record
